# JRE version: OpenJDK Runtime Environment (11.0.12+7) (build 11.0.12+7-b1504.28-7817840)
# Java VM: OpenJDK 64-Bit Server VM (11.0.12+7-b1504.28-7817840, mixed mode, tiered, compressed oops, g1 gc, windows-amd64)
Heap:
 garbage-first heap   total 246784K, used 220153K [0x0000000080000000, 0x0000000100000000)
  region size 1024K, 17 young (17408K), 4 survivors (4096K)
 Metaspace       used 94770K, capacity 97079K, committed 97656K, reserved 1134592K
  class space    used 11899K, capacity 12734K, committed 12920K, reserved 1048576K
GC Heap History (20 events):
Event: 5.569 GC heap before
{Heap before GC invocations=10 (full 0):
 garbage-first heap   total 152576K, used 85902K [0x0000000080000000, 0x0000000100000000)
  region size 1024K, 54 young (55296K), 12 survivors (12288K)
 Metaspace       used 58378K, capacity 59832K, committed 59904K, reserved 1101824K
  class space    used 7389K, capacity 7919K, committed 7936K, reserved 1048576K
}
Event: 5.580 GC heap after
{Heap after GC invocations=11 (full 0):
 garbage-first heap   total 152576K, used 46970K [0x0000000080000000, 0x0000000100000000)
  region size 1024K, 3 young (3072K), 3 survivors (3072K)
 Metaspace       used 58378K, capacity 59832K, committed 59904K, reserved 1101824K
  class space    used 7389K, capacity 7919K, committed 7936K, reserved 1048576K
}
Event: 6.152 GC heap before
{Heap before GC invocations=12 (full 0):
 garbage-first heap   total 152576K, used 104314K [0x0000000080000000, 0x0000000100000000)
  region size 1024K, 60 young (61440K), 3 survivors (3072K)
 Metaspace       used 64387K, capacity 66084K, committed 66168K, reserved 1105920K
  class space    used 8151K, capacity 8761K, committed 8824K, reserved 1048576K
}
Event: 6.160 GC heap after
{Heap after GC invocations=13 (full 0):
 garbage-first heap   total 183296K, used 50822K [0x0000000080000000, 0x0000000100000000)
  region size 1024K, 7 young (7168K), 7 survivors (7168K)
 Metaspace       used 64387K, capacity 66084K, committed 66168K, reserved 1105920K
  class space    used 8151K, capacity 8761K, committed 8824K, reserved 1048576K
}
Event: 6.741 GC heap before
{Heap before GC invocations=13 (full 0):
 garbage-first heap   total 183296K, used 124550K [0x0000000080000000, 0x0000000100000000)
  region size 1024K, 78 young (79872K), 7 survivors (7168K)
 Metaspace       used 68863K, capacity 70615K, committed 70648K, reserved 1110016K
  class space    used 8799K, capacity 9431K, committed 9464K, reserved 1048576K
}
Event: 6.749 GC heap after
{Heap after GC invocations=14 (full 0):
 garbage-first heap   total 183296K, used 55942K [0x0000000080000000, 0x0000000100000000)
  region size 1024K, 10 young (10240K), 10 survivors (10240K)
 Metaspace       used 68863K, capacity 70615K, committed 70648K, reserved 1110016K
  class space    used 8799K, capacity 9431K, committed 9464K, reserved 1048576K
}
Event: 7.485 GC heap before
{Heap before GC invocations=14 (full 0):
 garbage-first heap   total 183296K, used 129670K [0x0000000080000000, 0x0000000100000000)
  region size 1024K, 82 young (83968K), 10 survivors (10240K)
 Metaspace       used 76331K, capacity 78290K, committed 78584K, reserved 1118208K
  class space    used 10007K, capacity 10679K, committed 10744K, reserved 1048576K
}
Event: 7.493 GC heap after
{Heap after GC invocations=15 (full 0):
 garbage-first heap   total 183296K, used 60308K [0x0000000080000000, 0x0000000100000000)
  region size 1024K, 10 young (10240K), 10 survivors (10240K)
 Metaspace       used 76331K, capacity 78290K, committed 78584K, reserved 1118208K
  class space    used 10007K, capacity 10679K, committed 10744K, reserved 1048576K
}
Event: 8.173 GC heap before
{Heap before GC invocations=15 (full 0):
 garbage-first heap   total 183296K, used 133012K [0x0000000080000000, 0x0000000100000000)
  region size 1024K, 82 young (83968K), 10 survivors (10240K)
 Metaspace       used 83496K, capacity 85670K, committed 86008K, reserved 1124352K
  class space    used 10891K, capacity 11679K, committed 11768K, reserved 1048576K
}
Event: 8.190 GC heap after
{Heap after GC invocations=16 (full 0):
 garbage-first heap   total 183296K, used 67131K [0x0000000080000000, 0x0000000100000000)
  region size 1024K, 11 young (11264K), 11 survivors (11264K)
 Metaspace       used 83496K, capacity 85670K, committed 86008K, reserved 1124352K
  class space    used 10891K, capacity 11679K, committed 11768K, reserved 1048576K
}
Event: 8.836 GC heap before
{Heap before GC invocations=16 (full 0):
 garbage-first heap   total 183296K, used 137787K [0x0000000080000000, 0x0000000100000000)
  region size 1024K, 81 young (82944K), 11 survivors (11264K)
 Metaspace       used 85664K, capacity 88041K, committed 88184K, reserved 1126400K
  class space    used 11177K, capacity 12060K, committed 12152K, reserved 1048576K
}
Event: 8.854 GC heap after
{Heap after GC invocations=17 (full 0):
 garbage-first heap   total 183296K, used 75116K [0x0000000080000000, 0x0000000100000000)
  region size 1024K, 9 young (9216K), 9 survivors (9216K)
 Metaspace       used 85664K, capacity 88041K, committed 88184K, reserved 1126400K
  class space    used 11177K, capacity 12060K, committed 12152K, reserved 1048576K
}
Event: 9.428 GC heap before
{Heap before GC invocations=17 (full 0):
 garbage-first heap   total 183296K, used 142700K [0x0000000080000000, 0x0000000100000000)
  region size 1024K, 72 young (73728K), 9 survivors (9216K)
 Metaspace       used 90314K, capacity 92839K, committed 93048K, reserved 1130496K
  class space    used 11632K, capacity 12561K, committed 12664K, reserved 1048576K
}
Event: 9.439 GC heap after
{Heap after GC invocations=18 (full 0):
 garbage-first heap   total 183296K, used 87483K [0x0000000080000000, 0x0000000100000000)
  region size 1024K, 9 young (9216K), 9 survivors (9216K)
 Metaspace       used 90314K, capacity 92839K, committed 93048K, reserved 1130496K
  class space    used 11632K, capacity 12561K, committed 12664K, reserved 1048576K
}
Event: 9.664 GC heap before
{Heap before GC invocations=18 (full 0):
 garbage-first heap   total 183296K, used 111035K [0x0000000080000000, 0x0000000100000000)
  region size 1024K, 31 young (31744K), 9 survivors (9216K)
 Metaspace       used 90453K, capacity 92978K, committed 93304K, reserved 1130496K
  class space    used 11637K, capacity 12564K, committed 12664K, reserved 1048576K
}
Event: 9.673 GC heap after
{Heap after GC invocations=19 (full 0):
 garbage-first heap   total 220160K, used 93110K [0x0000000080000000, 0x0000000100000000)
  region size 1024K, 5 young (5120K), 5 survivors (5120K)
 Metaspace       used 90453K, capacity 92978K, committed 93304K, reserved 1130496K
  class space    used 11637K, capacity 12564K, committed 12664K, reserved 1048576K
}
Event: 10.077 GC heap before
{Heap before GC invocations=20 (full 0):
 garbage-first heap   total 220160K, used 145334K [0x0000000080000000, 0x0000000100000000)
  region size 1024K, 53 young (54272K), 5 survivors (5120K)
 Metaspace       used 93590K, capacity 95984K, committed 96632K, reserved 1132544K
  class space    used 11816K, capacity 12668K, committed 12920K, reserved 1048576K
}
Event: 10.086 GC heap after
{Heap after GC invocations=21 (full 0):
 garbage-first heap   total 220160K, used 93806K [0x0000000080000000, 0x0000000100000000)
  region size 1024K, 7 young (7168K), 7 survivors (7168K)
 Metaspace       used 93590K, capacity 95984K, committed 96632K, reserved 1132544K
  class space    used 11816K, capacity 12668K, committed 12920K, reserved 1048576K
}
Event: 10.270 GC heap before
{Heap before GC invocations=22 (full 0):
 garbage-first heap   total 220160K, used 133742K [0x0000000080000000, 0x0000000100000000)
  region size 1024K, 26 young (26624K), 7 survivors (7168K)
 Metaspace       used 94622K, capacity 96951K, committed 97656K, reserved 1134592K
  class space    used 11899K, capacity 12734K, committed 12920K, reserved 1048576K
}
Event: 10.280 GC heap after
{Heap after GC invocations=23 (full 0):
 garbage-first heap   total 220160K, used 97273K [0x0000000080000000, 0x0000000100000000)
  region size 1024K, 4 young (4096K), 4 survivors (4096K)
 Metaspace       used 94622K, capacity 96951K, committed 97656K, reserved 1134592K
  class space    used 11899K, capacity 12734K, committed 12920K, reserved 1048576K
}

