# JRE version: OpenJDK Runtime Environment (11.0.12+7) (build 11.0.12+7-b1504.28-7817840)
# Java VM: OpenJDK 64-Bit Server VM (11.0.12+7-b1504.28-7817840, mixed mode, tiered, compressed oops, g1 gc, windows-amd64)
Heap:
 garbage-first heap   total 187392K, used 105928K [0x0000000080000000, 0x0000000100000000)
  region size 1024K, 62 young (63488K), 8 survivors (8192K)
 Metaspace       used 67163K, capacity 68985K, committed 69120K, reserved 1110016K
  class space    used 8530K, capacity 9187K, committed 9216K, reserved 1048576K
GC Heap History (20 events):
Event: 0.724 GC heap before
{Heap before GC invocations=0 (full 0):
 garbage-first heap   total 126976K, used 29696K [0x0000000080000000, 0x0000000100000000)
  region size 1024K, 24 young (24576K), 0 survivors (0K)
 Metaspace       used 10216K, capacity 10424K, committed 10624K, reserved 1058816K
  class space    used 1069K, capacity 1140K, committed 1152K, reserved 1048576K
}
Event: 0.729 GC heap after
{Heap after GC invocations=1 (full 0):
 garbage-first heap   total 126976K, used 9316K [0x0000000080000000, 0x0000000100000000)
  region size 1024K, 3 young (3072K), 3 survivors (3072K)
 Metaspace       used 10216K, capacity 10424K, committed 10624K, reserved 1058816K
  class space    used 1069K, capacity 1140K, committed 1152K, reserved 1048576K
}
Event: 1.760 GC heap before
{Heap before GC invocations=1 (full 0):
 garbage-first heap   total 126976K, used 82020K [0x0000000080000000, 0x0000000100000000)
  region size 1024K, 74 young (75776K), 3 survivors (3072K)
 Metaspace       used 17492K, capacity 17874K, committed 18176K, reserved 1064960K
  class space    used 2060K, capacity 2178K, committed 2304K, reserved 1048576K
}
Event: 1.765 GC heap after
{Heap after GC invocations=2 (full 0):
 garbage-first heap   total 126976K, used 15968K [0x0000000080000000, 0x0000000100000000)
  region size 1024K, 10 young (10240K), 10 survivors (10240K)
 Metaspace       used 17492K, capacity 17874K, committed 18176K, reserved 1064960K
  class space    used 2060K, capacity 2178K, committed 2304K, reserved 1048576K
}
Event: 2.023 GC heap before
{Heap before GC invocations=2 (full 0):
 garbage-first heap   total 126976K, used 47712K [0x0000000080000000, 0x0000000100000000)
  region size 1024K, 42 young (43008K), 10 survivors (10240K)
 Metaspace       used 20783K, capacity 21152K, committed 21296K, reserved 1069056K
  class space    used 2562K, capacity 2717K, committed 2816K, reserved 1048576K
}
Event: 2.029 GC heap after
{Heap after GC invocations=3 (full 0):
 garbage-first heap   total 126976K, used 16914K [0x0000000080000000, 0x0000000100000000)
  region size 1024K, 2 young (2048K), 2 survivors (2048K)
 Metaspace       used 20783K, capacity 21152K, committed 21296K, reserved 1069056K
  class space    used 2562K, capacity 2717K, committed 2816K, reserved 1048576K
}
Event: 2.623 GC heap before
{Heap before GC invocations=4 (full 0):
 garbage-first heap   total 126976K, used 76306K [0x0000000080000000, 0x0000000100000000)
  region size 1024K, 60 young (61440K), 2 survivors (2048K)
 Metaspace       used 26987K, capacity 27625K, committed 27904K, reserved 1073152K
  class space    used 3526K, capacity 3736K, committed 3840K, reserved 1048576K
}
Event: 2.631 GC heap after
{Heap after GC invocations=5 (full 0):
 garbage-first heap   total 126976K, used 18905K [0x0000000080000000, 0x0000000100000000)
  region size 1024K, 4 young (4096K), 4 survivors (4096K)
 Metaspace       used 26987K, capacity 27625K, committed 27904K, reserved 1073152K
  class space    used 3526K, capacity 3736K, committed 3840K, reserved 1048576K
}
Event: 3.516 GC heap before
{Heap before GC invocations=6 (full 0):
 garbage-first heap   total 126976K, used 82393K [0x0000000080000000, 0x0000000100000000)
  region size 1024K, 67 young (68608K), 4 survivors (4096K)
 Metaspace       used 36962K, capacity 37794K, committed 37888K, reserved 1081344K
  class space    used 4765K, capacity 5084K, committed 5120K, reserved 1048576K
}
Event: 3.523 GC heap after
{Heap after GC invocations=7 (full 0):
 garbage-first heap   total 126976K, used 23378K [0x0000000080000000, 0x0000000100000000)
  region size 1024K, 8 young (8192K), 8 survivors (8192K)
 Metaspace       used 36962K, capacity 37794K, committed 37888K, reserved 1081344K
  class space    used 4765K, capacity 5084K, committed 5120K, reserved 1048576K
}
Event: 4.152 GC heap before
{Heap before GC invocations=7 (full 0):
 garbage-first heap   total 126976K, used 91986K [0x0000000080000000, 0x0000000100000000)
  region size 1024K, 71 young (72704K), 8 survivors (8192K)
 Metaspace       used 42752K, capacity 43774K, committed 44032K, reserved 1087488K
  class space    used 5441K, capacity 5806K, committed 5888K, reserved 1048576K
}
Event: 4.160 GC heap after
{Heap after GC invocations=8 (full 0):
 garbage-first heap   total 152576K, used 26780K [0x0000000080000000, 0x0000000100000000)
  region size 1024K, 8 young (8192K), 8 survivors (8192K)
 Metaspace       used 42752K, capacity 43774K, committed 44032K, reserved 1087488K
  class space    used 5441K, capacity 5806K, committed 5888K, reserved 1048576K
}
Event: 4.577 GC heap before
{Heap before GC invocations=8 (full 0):
 garbage-first heap   total 152576K, used 70812K [0x0000000080000000, 0x0000000100000000)
  region size 1024K, 52 young (53248K), 8 survivors (8192K)
 Metaspace       used 45358K, capacity 46425K, committed 46508K, reserved 1089536K
  class space    used 5827K, capacity 6224K, committed 6272K, reserved 1048576K
}
Event: 4.591 GC heap after
{Heap after GC invocations=9 (full 0):
 garbage-first heap   total 152576K, used 29084K [0x0000000080000000, 0x0000000100000000)
  region size 1024K, 7 young (7168K), 7 survivors (7168K)
 Metaspace       used 45358K, capacity 46425K, committed 46508K, reserved 1089536K
  class space    used 5827K, capacity 6224K, committed 6272K, reserved 1048576K
}
Event: 6.204 GC heap before
{Heap before GC invocations=10 (full 0):
 garbage-first heap   total 152576K, used 107932K [0x0000000080000000, 0x0000000100000000)
  region size 1024K, 81 young (82944K), 7 survivors (7168K)
 Metaspace       used 48297K, capacity 49672K, committed 49792K, reserved 1091584K
  class space    used 6200K, capacity 6703K, committed 6784K, reserved 1048576K
}
Event: 6.237 GC heap after
{Heap after GC invocations=11 (full 0):
 garbage-first heap   total 152576K, used 42243K [0x0000000080000000, 0x0000000100000000)
  region size 1024K, 11 young (11264K), 11 survivors (11264K)
 Metaspace       used 48297K, capacity 49672K, committed 49792K, reserved 1091584K
  class space    used 6200K, capacity 6703K, committed 6784K, reserved 1048576K
}
Event: 11.283 GC heap before
{Heap before GC invocations=11 (full 0):
 garbage-first heap   total 152576K, used 109827K [0x0000000080000000, 0x0000000100000000)
  region size 1024K, 77 young (78848K), 11 survivors (11264K)
 Metaspace       used 57369K, capacity 58839K, committed 59136K, reserved 1099776K
  class space    used 7287K, capacity 7850K, committed 7936K, reserved 1048576K
}
Event: 11.314 GC heap after
{Heap after GC invocations=12 (full 0):
 garbage-first heap   total 152576K, used 45695K [0x0000000080000000, 0x0000000100000000)
  region size 1024K, 4 young (4096K), 4 survivors (4096K)
 Metaspace       used 57369K, capacity 58839K, committed 59136K, reserved 1099776K
  class space    used 7287K, capacity 7850K, committed 7936K, reserved 1048576K
}
Event: 12.349 GC heap before
{Heap before GC invocations=12 (full 0):
 garbage-first heap   total 152576K, used 112255K [0x0000000080000000, 0x0000000100000000)
  region size 1024K, 70 young (71680K), 4 survivors (4096K)
 Metaspace       used 64798K, capacity 66531K, committed 66816K, reserved 1107968K
  class space    used 8203K, capacity 8846K, committed 8960K, reserved 1048576K
}
Event: 12.357 GC heap after
{Heap after GC invocations=13 (full 0):
 garbage-first heap   total 187392K, used 50632K [0x0000000080000000, 0x0000000100000000)
  region size 1024K, 8 young (8192K), 8 survivors (8192K)
 Metaspace       used 64798K, capacity 66531K, committed 66816K, reserved 1107968K
  class space    used 8203K, capacity 8846K, committed 8960K, reserved 1048576K
}

