# JRE version: OpenJDK Runtime Environment (11.0.12+7) (build 11.0.12+7-b1504.28-7817840)
# Java VM: OpenJDK 64-Bit Server VM (11.0.12+7-b1504.28-7817840, mixed mode, tiered, compressed oops, g1 gc, windows-amd64)
Heap:
 garbage-first heap   total 152576K, used 49039K [0x0000000080000000, 0x0000000100000000)
  region size 1024K, 21 young (21504K), 7 survivors (7168K)
 Metaspace       used 48471K, capacity 49880K, committed 50048K, reserved 1093632K
  class space    used 6207K, capacity 6708K, committed 6784K, reserved 1048576K
GC Heap History (20 events):
Event: 0.686 GC heap before
{Heap before GC invocations=0 (full 0):
 garbage-first heap   total 126976K, used 30720K [0x0000000080000000, 0x0000000100000000)
  region size 1024K, 24 young (24576K), 0 survivors (0K)
 Metaspace       used 10188K, capacity 10424K, committed 10624K, reserved 1058816K
  class space    used 1070K, capacity 1140K, committed 1152K, reserved 1048576K
}
Event: 0.692 GC heap after
{Heap after GC invocations=1 (full 0):
 garbage-first heap   total 126976K, used 9215K [0x0000000080000000, 0x0000000100000000)
  region size 1024K, 3 young (3072K), 3 survivors (3072K)
 Metaspace       used 10188K, capacity 10424K, committed 10624K, reserved 1058816K
  class space    used 1070K, capacity 1140K, committed 1152K, reserved 1048576K
}
Event: 1.059 GC heap before
{Heap before GC invocations=1 (full 0):
 garbage-first heap   total 126976K, used 52223K [0x0000000080000000, 0x0000000100000000)
  region size 1024K, 45 young (46080K), 3 survivors (3072K)
 Metaspace       used 11325K, capacity 11627K, committed 11904K, reserved 1060864K
  class space    used 1198K, capacity 1285K, committed 1408K, reserved 1048576K
}
Event: 1.066 GC heap after
{Heap after GC invocations=2 (full 0):
 garbage-first heap   total 126976K, used 13908K [0x0000000080000000, 0x0000000100000000)
  region size 1024K, 6 young (6144K), 6 survivors (6144K)
 Metaspace       used 11325K, capacity 11627K, committed 11904K, reserved 1060864K
  class space    used 1198K, capacity 1285K, committed 1408K, reserved 1048576K
}
Event: 1.917 GC heap before
{Heap before GC invocations=2 (full 0):
 garbage-first heap   total 126976K, used 64084K [0x0000000080000000, 0x0000000100000000)
  region size 1024K, 55 young (56320K), 6 survivors (6144K)
 Metaspace       used 19461K, capacity 19814K, committed 19968K, reserved 1067008K
  class space    used 2387K, capacity 2505K, committed 2560K, reserved 1048576K
}
Event: 1.923 GC heap after
{Heap after GC invocations=3 (full 0):
 garbage-first heap   total 126976K, used 16674K [0x0000000080000000, 0x0000000100000000)
  region size 1024K, 3 young (3072K), 3 survivors (3072K)
 Metaspace       used 19461K, capacity 19814K, committed 19968K, reserved 1067008K
  class space    used 2387K, capacity 2505K, committed 2560K, reserved 1048576K
}
Event: 2.037 GC heap before
{Heap before GC invocations=3 (full 0):
 garbage-first heap   total 126976K, used 26914K [0x0000000080000000, 0x0000000100000000)
  region size 1024K, 14 young (14336K), 3 survivors (3072K)
 Metaspace       used 20705K, capacity 21137K, committed 21248K, reserved 1067008K
  class space    used 2550K, capacity 2712K, committed 2816K, reserved 1048576K
}
Event: 2.041 GC heap after
{Heap after GC invocations=4 (full 0):
 garbage-first heap   total 126976K, used 17001K [0x0000000080000000, 0x0000000100000000)
  region size 1024K, 4 young (4096K), 4 survivors (4096K)
 Metaspace       used 20705K, capacity 21137K, committed 21248K, reserved 1067008K
  class space    used 2550K, capacity 2712K, committed 2816K, reserved 1048576K
}
Event: 2.497 GC heap before
{Heap before GC invocations=5 (full 0):
 garbage-first heap   total 126976K, used 66153K [0x0000000080000000, 0x0000000100000000)
  region size 1024K, 53 young (54272K), 4 survivors (4096K)
 Metaspace       used 25839K, capacity 26386K, committed 26624K, reserved 1073152K
  class space    used 3346K, capacity 3552K, committed 3584K, reserved 1048576K
}
Event: 2.501 GC heap after
{Heap after GC invocations=6 (full 0):
 garbage-first heap   total 126976K, used 18675K [0x0000000080000000, 0x0000000100000000)
  region size 1024K, 5 young (5120K), 5 survivors (5120K)
 Metaspace       used 25839K, capacity 26386K, committed 26624K, reserved 1073152K
  class space    used 3346K, capacity 3552K, committed 3584K, reserved 1048576K
}
Event: 3.087 GC heap before
{Heap before GC invocations=6 (full 0):
 garbage-first heap   total 126976K, used 71923K [0x0000000080000000, 0x0000000100000000)
  region size 1024K, 57 young (58368K), 5 survivors (5120K)
 Metaspace       used 31223K, capacity 31909K, committed 32128K, reserved 1077248K
  class space    used 4179K, capacity 4442K, committed 4480K, reserved 1048576K
}
Event: 3.094 GC heap after
{Heap after GC invocations=7 (full 0):
 garbage-first heap   total 126976K, used 20248K [0x0000000080000000, 0x0000000100000000)
  region size 1024K, 4 young (4096K), 4 survivors (4096K)
 Metaspace       used 31223K, capacity 31909K, committed 32128K, reserved 1077248K
  class space    used 4179K, capacity 4442K, committed 4480K, reserved 1048576K
}
Event: 3.307 GC heap before
{Heap before GC invocations=7 (full 0):
 garbage-first heap   total 126976K, used 29464K [0x0000000080000000, 0x0000000100000000)
  region size 1024K, 14 young (14336K), 4 survivors (4096K)
 Metaspace       used 34902K, capacity 35721K, committed 35840K, reserved 1081344K
  class space    used 4533K, capacity 4840K, committed 4864K, reserved 1048576K
}
Event: 3.316 GC heap after
{Heap after GC invocations=8 (full 0):
 garbage-first heap   total 152576K, used 22059K [0x0000000080000000, 0x0000000100000000)
  region size 1024K, 6 young (6144K), 6 survivors (6144K)
 Metaspace       used 34902K, capacity 35721K, committed 35840K, reserved 1081344K
  class space    used 4533K, capacity 4840K, committed 4864K, reserved 1048576K
}
Event: 4.084 GC heap before
{Heap before GC invocations=9 (full 0):
 garbage-first heap   total 152576K, used 80427K [0x0000000080000000, 0x0000000100000000)
  region size 1024K, 61 young (62464K), 6 survivors (6144K)
 Metaspace       used 40499K, capacity 41472K, committed 41728K, reserved 1085440K
  class space    used 5196K, capacity 5555K, committed 5632K, reserved 1048576K
}
Event: 4.093 GC heap after
{Heap after GC invocations=10 (full 0):
 garbage-first heap   total 152576K, used 26392K [0x0000000080000000, 0x0000000100000000)
  region size 1024K, 8 young (8192K), 8 survivors (8192K)
 Metaspace       used 40499K, capacity 41472K, committed 41728K, reserved 1085440K
  class space    used 5196K, capacity 5555K, committed 5632K, reserved 1048576K
}
Event: 4.715 GC heap before
{Heap before GC invocations=10 (full 0):
 garbage-first heap   total 152576K, used 85784K [0x0000000080000000, 0x0000000100000000)
  region size 1024K, 66 young (67584K), 8 survivors (8192K)
 Metaspace       used 44871K, capacity 45994K, committed 46208K, reserved 1089536K
  class space    used 5759K, capacity 6184K, committed 6272K, reserved 1048576K
}
Event: 4.724 GC heap after
{Heap after GC invocations=11 (full 0):
 garbage-first heap   total 152576K, used 29207K [0x0000000080000000, 0x0000000100000000)
  region size 1024K, 8 young (8192K), 8 survivors (8192K)
 Metaspace       used 44871K, capacity 45994K, committed 46208K, reserved 1089536K
  class space    used 5759K, capacity 6184K, committed 6272K, reserved 1048576K
}
Event: 5.546 GC heap before
{Heap before GC invocations=11 (full 0):
 garbage-first heap   total 152576K, used 96791K [0x0000000080000000, 0x0000000100000000)
  region size 1024K, 75 young (76800K), 8 survivors (8192K)
 Metaspace       used 48112K, capacity 49395K, committed 49664K, reserved 1091584K
  class space    used 6157K, capacity 6633K, committed 6656K, reserved 1048576K
}
Event: 5.557 GC heap after
{Heap after GC invocations=12 (full 0):
 garbage-first heap   total 152576K, used 32655K [0x0000000080000000, 0x0000000100000000)
  region size 1024K, 7 young (7168K), 7 survivors (7168K)
 Metaspace       used 48112K, capacity 49395K, committed 49664K, reserved 1091584K
  class space    used 6157K, capacity 6633K, committed 6656K, reserved 1048576K
}

