# JRE version: OpenJDK Runtime Environment (11.0.12+7) (build 11.0.12+7-b1504.28-7817840)
# Java VM: OpenJDK 64-Bit Server VM (11.0.12+7-b1504.28-7817840, mixed mode, tiered, compressed oops, g1 gc, windows-amd64)
Heap:
 garbage-first heap   total 183296K, used 67868K [0x0000000080000000, 0x0000000100000000)
  region size 1024K, 13 young (13312K), 11 survivors (11264K)
 Metaspace       used 83635K, capacity 85741K, committed 86008K, reserved 1124352K
  class space    used 10909K, capacity 11725K, committed 11768K, reserved 1048576K
GC Heap History (20 events):
Event: 1.575 GC heap before
{Heap before GC invocations=2 (full 0):
 garbage-first heap   total 126976K, used 45558K [0x0000000080000000, 0x0000000100000000)
  region size 1024K, 40 young (40960K), 10 survivors (10240K)
 Metaspace       used 20710K, capacity 21137K, committed 21248K, reserved 1067008K
  class space    used 2549K, capacity 2712K, committed 2816K, reserved 1048576K
}
Event: 1.582 GC heap after
{Heap after GC invocations=3 (full 0):
 garbage-first heap   total 126976K, used 16925K [0x0000000080000000, 0x0000000100000000)
  region size 1024K, 2 young (2048K), 2 survivors (2048K)
 Metaspace       used 20710K, capacity 21137K, committed 21248K, reserved 1067008K
  class space    used 2549K, capacity 2712K, committed 2816K, reserved 1048576K
}
Event: 2.099 GC heap before
{Heap before GC invocations=4 (full 0):
 garbage-first heap   total 126976K, used 77341K [0x0000000080000000, 0x0000000100000000)
  region size 1024K, 62 young (63488K), 2 survivors (2048K)
 Metaspace       used 26993K, capacity 27561K, committed 27904K, reserved 1073152K
  class space    used 3528K, capacity 3736K, committed 3840K, reserved 1048576K
}
Event: 2.102 GC heap after
{Heap after GC invocations=5 (full 0):
 garbage-first heap   total 126976K, used 18928K [0x0000000080000000, 0x0000000100000000)
  region size 1024K, 4 young (4096K), 4 survivors (4096K)
 Metaspace       used 26993K, capacity 27561K, committed 27904K, reserved 1073152K
  class space    used 3528K, capacity 3736K, committed 3840K, reserved 1048576K
}
Event: 2.625 GC heap before
{Heap before GC invocations=5 (full 0):
 garbage-first heap   total 126976K, used 70128K [0x0000000080000000, 0x0000000100000000)
  region size 1024K, 55 young (56320K), 4 survivors (4096K)
 Metaspace       used 34876K, capacity 35657K, committed 35840K, reserved 1081344K
  class space    used 4533K, capacity 4840K, committed 4864K, reserved 1048576K
}
Event: 2.635 GC heap after
{Heap after GC invocations=6 (full 0):
 garbage-first heap   total 126976K, used 22002K [0x0000000080000000, 0x0000000100000000)
  region size 1024K, 7 young (7168K), 7 survivors (7168K)
 Metaspace       used 34876K, capacity 35657K, committed 35840K, reserved 1081344K
  class space    used 4533K, capacity 4840K, committed 4864K, reserved 1048576K
}
Event: 3.266 GC heap before
{Heap before GC invocations=7 (full 0):
 garbage-first heap   total 126976K, used 91634K [0x0000000080000000, 0x0000000100000000)
  region size 1024K, 73 young (74752K), 7 survivors (7168K)
 Metaspace       used 41586K, capacity 42567K, committed 42624K, reserved 1085440K
  class space    used 5373K, capacity 5725K, committed 5760K, reserved 1048576K
}
Event: 3.274 GC heap after
{Heap after GC invocations=8 (full 0):
 garbage-first heap   total 152576K, used 26932K [0x0000000080000000, 0x0000000100000000)
  region size 1024K, 8 young (8192K), 8 survivors (8192K)
 Metaspace       used 41586K, capacity 42567K, committed 42624K, reserved 1085440K
  class space    used 5373K, capacity 5725K, committed 5760K, reserved 1048576K
}
Event: 3.949 GC heap before
{Heap before GC invocations=8 (full 0):
 garbage-first heap   total 152576K, used 106804K [0x0000000080000000, 0x0000000100000000)
  region size 1024K, 86 young (88064K), 8 survivors (8192K)
 Metaspace       used 47052K, capacity 48160K, committed 48256K, reserved 1091584K
  class space    used 6058K, capacity 6482K, committed 6528K, reserved 1048576K
}
Event: 3.957 GC heap after
{Heap after GC invocations=9 (full 0):
 garbage-first heap   total 152576K, used 30570K [0x0000000080000000, 0x0000000100000000)
  region size 1024K, 9 young (9216K), 9 survivors (9216K)
 Metaspace       used 47052K, capacity 48160K, committed 48256K, reserved 1091584K
  class space    used 6058K, capacity 6482K, committed 6528K, reserved 1048576K
}
Event: 4.568 GC heap before
{Heap before GC invocations=9 (full 0):
 garbage-first heap   total 152576K, used 115562K [0x0000000080000000, 0x0000000100000000)
  region size 1024K, 89 young (91136K), 9 survivors (9216K)
 Metaspace       used 51573K, capacity 53046K, committed 53248K, reserved 1095680K
  class space    used 6609K, capacity 7136K, committed 7168K, reserved 1048576K
}
Event: 4.578 GC heap after
{Heap after GC invocations=10 (full 0):
 garbage-first heap   total 152576K, used 43680K [0x0000000080000000, 0x0000000100000000)
  region size 1024K, 12 young (12288K), 12 survivors (12288K)
 Metaspace       used 51573K, capacity 53046K, committed 53248K, reserved 1095680K
  class space    used 6609K, capacity 7136K, committed 7168K, reserved 1048576K
}
Event: 5.213 GC heap before
{Heap before GC invocations=10 (full 0):
 garbage-first heap   total 152576K, used 87712K [0x0000000080000000, 0x0000000100000000)
  region size 1024K, 56 young (57344K), 12 survivors (12288K)
 Metaspace       used 58386K, capacity 59841K, committed 59904K, reserved 1101824K
  class space    used 7397K, capacity 7924K, committed 7936K, reserved 1048576K
}
Event: 5.227 GC heap after
{Heap after GC invocations=11 (full 0):
 garbage-first heap   total 152576K, used 46391K [0x0000000080000000, 0x0000000100000000)
  region size 1024K, 3 young (3072K), 3 survivors (3072K)
 Metaspace       used 58386K, capacity 59841K, committed 59904K, reserved 1101824K
  class space    used 7397K, capacity 7924K, committed 7936K, reserved 1048576K
}
Event: 5.952 GC heap before
{Heap before GC invocations=12 (full 0):
 garbage-first heap   total 152576K, used 104759K [0x0000000080000000, 0x0000000100000000)
  region size 1024K, 61 young (62464K), 3 survivors (3072K)
 Metaspace       used 64488K, capacity 66159K, committed 66424K, reserved 1107968K
  class space    used 8163K, capacity 8766K, committed 8824K, reserved 1048576K
}
Event: 5.957 GC heap after
{Heap after GC invocations=13 (full 0):
 garbage-first heap   total 183296K, used 50567K [0x0000000080000000, 0x0000000100000000)
  region size 1024K, 7 young (7168K), 7 survivors (7168K)
 Metaspace       used 64488K, capacity 66159K, committed 66424K, reserved 1107968K
  class space    used 8163K, capacity 8766K, committed 8824K, reserved 1048576K
}
Event: 6.543 GC heap before
{Heap before GC invocations=13 (full 0):
 garbage-first heap   total 183296K, used 123271K [0x0000000080000000, 0x0000000100000000)
  region size 1024K, 77 young (78848K), 7 survivors (7168K)
 Metaspace       used 68803K, capacity 70529K, committed 70648K, reserved 1110016K
  class space    used 8778K, capacity 9404K, committed 9464K, reserved 1048576K
}
Event: 6.550 GC heap after
{Heap after GC invocations=14 (full 0):
 garbage-first heap   total 183296K, used 55644K [0x0000000080000000, 0x0000000100000000)
  region size 1024K, 10 young (10240K), 10 survivors (10240K)
 Metaspace       used 68803K, capacity 70529K, committed 70648K, reserved 1110016K
  class space    used 8778K, capacity 9404K, committed 9464K, reserved 1048576K
}
Event: 7.555 GC heap before
{Heap before GC invocations=14 (full 0):
 garbage-first heap   total 183296K, used 128348K [0x0000000080000000, 0x0000000100000000)
  region size 1024K, 81 young (82944K), 10 survivors (10240K)
 Metaspace       used 75902K, capacity 77817K, committed 77944K, reserved 1116160K
  class space    used 9891K, capacity 10568K, committed 10616K, reserved 1048576K
}
Event: 7.564 GC heap after
{Heap after GC invocations=15 (full 0):
 garbage-first heap   total 183296K, used 60621K [0x0000000080000000, 0x0000000100000000)
  region size 1024K, 10 young (10240K), 10 survivors (10240K)
 Metaspace       used 75902K, capacity 77817K, committed 77944K, reserved 1116160K
  class space    used 9891K, capacity 10568K, committed 10616K, reserved 1048576K
}

