# JRE version: OpenJDK Runtime Environment (11.0.12+7) (build 11.0.12+7-b1504.28-7817840)
# Java VM: OpenJDK 64-Bit Server VM (11.0.12+7-b1504.28-7817840, mixed mode, tiered, compressed oops, g1 gc, windows-amd64)
Heap:
 garbage-first heap   total 152576K, used 114117K [0x0000000080000000, 0x0000000100000000)
  region size 1024K, 63 young (64512K), 8 survivors (8192K)
 Metaspace       used 79162K, capacity 81068K, committed 81272K, reserved 1120256K
  class space    used 10328K, capacity 11022K, committed 11128K, reserved 1048576K
GC Heap History (20 events):
Event: 2.529 GC heap before
{Heap before GC invocations=2 (full 0):
 garbage-first heap   total 126976K, used 45921K [0x0000000080000000, 0x0000000100000000)
  region size 1024K, 40 young (40960K), 10 survivors (10240K)
 Metaspace       used 20716K, capacity 21137K, committed 21248K, reserved 1067008K
  class space    used 2551K, capacity 2712K, committed 2816K, reserved 1048576K
}
Event: 2.538 GC heap after
{Heap after GC invocations=3 (full 0):
 garbage-first heap   total 126976K, used 18169K [0x0000000080000000, 0x0000000100000000)
  region size 1024K, 2 young (2048K), 2 survivors (2048K)
 Metaspace       used 20716K, capacity 21137K, committed 21248K, reserved 1067008K
  class space    used 2551K, capacity 2712K, committed 2816K, reserved 1048576K
}
Event: 3.599 GC heap before
{Heap before GC invocations=4 (full 0):
 garbage-first heap   total 126976K, used 78585K [0x0000000080000000, 0x0000000100000000)
  region size 1024K, 62 young (63488K), 2 survivors (2048K)
 Metaspace       used 26972K, capacity 27561K, committed 27904K, reserved 1073152K
  class space    used 3525K, capacity 3736K, committed 3840K, reserved 1048576K
}
Event: 3.605 GC heap after
{Heap after GC invocations=5 (full 0):
 garbage-first heap   total 126976K, used 20140K [0x0000000080000000, 0x0000000100000000)
  region size 1024K, 4 young (4096K), 4 survivors (4096K)
 Metaspace       used 26972K, capacity 27561K, committed 27904K, reserved 1073152K
  class space    used 3525K, capacity 3736K, committed 3840K, reserved 1048576K
}
Event: 4.459 GC heap before
{Heap before GC invocations=5 (full 0):
 garbage-first heap   total 126976K, used 72364K [0x0000000080000000, 0x0000000100000000)
  region size 1024K, 56 young (57344K), 4 survivors (4096K)
 Metaspace       used 34881K, capacity 35657K, committed 35840K, reserved 1081344K
  class space    used 4527K, capacity 4840K, committed 4864K, reserved 1048576K
}
Event: 4.471 GC heap after
{Heap after GC invocations=6 (full 0):
 garbage-first heap   total 126976K, used 23065K [0x0000000080000000, 0x0000000100000000)
  region size 1024K, 7 young (7168K), 7 survivors (7168K)
 Metaspace       used 34881K, capacity 35657K, committed 35840K, reserved 1081344K
  class space    used 4527K, capacity 4840K, committed 4864K, reserved 1048576K
}
Event: 5.437 GC heap before
{Heap before GC invocations=7 (full 0):
 garbage-first heap   total 126976K, used 92697K [0x0000000080000000, 0x0000000100000000)
  region size 1024K, 73 young (74752K), 7 survivors (7168K)
 Metaspace       used 41520K, capacity 42503K, committed 42624K, reserved 1085440K
  class space    used 5360K, capacity 5725K, committed 5760K, reserved 1048576K
}
Event: 5.447 GC heap after
{Heap after GC invocations=8 (full 0):
 garbage-first heap   total 152576K, used 27765K [0x0000000080000000, 0x0000000100000000)
  region size 1024K, 10 young (10240K), 10 survivors (10240K)
 Metaspace       used 41520K, capacity 42503K, committed 42624K, reserved 1085440K
  class space    used 5360K, capacity 5725K, committed 5760K, reserved 1048576K
}
Event: 7.045 GC heap before
{Heap before GC invocations=8 (full 0):
 garbage-first heap   total 152576K, used 108661K [0x0000000080000000, 0x0000000100000000)
  region size 1024K, 88 young (90112K), 10 survivors (10240K)
 Metaspace       used 47069K, capacity 48225K, committed 48512K, reserved 1091584K
  class space    used 6056K, capacity 6482K, committed 6528K, reserved 1048576K
}
Event: 7.057 GC heap after
{Heap after GC invocations=9 (full 0):
 garbage-first heap   total 152576K, used 31467K [0x0000000080000000, 0x0000000100000000)
  region size 1024K, 9 young (9216K), 9 survivors (9216K)
 Metaspace       used 47069K, capacity 48225K, committed 48512K, reserved 1091584K
  class space    used 6056K, capacity 6482K, committed 6528K, reserved 1048576K
}
Event: 8.516 GC heap before
{Heap before GC invocations=9 (full 0):
 garbage-first heap   total 152576K, used 117483K [0x0000000080000000, 0x0000000100000000)
  region size 1024K, 89 young (91136K), 9 survivors (9216K)
 Metaspace       used 51914K, capacity 53347K, committed 53504K, reserved 1095680K
  class space    used 6639K, capacity 7150K, committed 7168K, reserved 1048576K
}
Event: 8.527 GC heap after
{Heap after GC invocations=10 (full 0):
 garbage-first heap   total 152576K, used 44406K [0x0000000080000000, 0x0000000100000000)
  region size 1024K, 12 young (12288K), 12 survivors (12288K)
 Metaspace       used 51914K, capacity 53347K, committed 53504K, reserved 1095680K
  class space    used 6639K, capacity 7150K, committed 7168K, reserved 1048576K
}
Event: 9.250 GC heap before
{Heap before GC invocations=10 (full 0):
 garbage-first heap   total 152576K, used 85366K [0x0000000080000000, 0x0000000100000000)
  region size 1024K, 53 young (54272K), 12 survivors (12288K)
 Metaspace       used 58359K, capacity 59851K, committed 59904K, reserved 1101824K
  class space    used 7372K, capacity 7906K, committed 7936K, reserved 1048576K
}
Event: 9.272 GC heap after
{Heap after GC invocations=11 (full 0):
 garbage-first heap   total 152576K, used 47943K [0x0000000080000000, 0x0000000100000000)
  region size 1024K, 3 young (3072K), 3 survivors (3072K)
 Metaspace       used 58359K, capacity 59851K, committed 59904K, reserved 1101824K
  class space    used 7372K, capacity 7906K, committed 7936K, reserved 1048576K
}
Event: 10.239 GC heap before
{Heap before GC invocations=12 (full 0):
 garbage-first heap   total 152576K, used 104263K [0x0000000080000000, 0x0000000100000000)
  region size 1024K, 59 young (60416K), 3 survivors (3072K)
 Metaspace       used 64292K, capacity 65945K, committed 66168K, reserved 1105920K
  class space    used 8133K, capacity 8716K, committed 8824K, reserved 1048576K
}
Event: 10.246 GC heap after
{Heap after GC invocations=13 (full 0):
 garbage-first heap   total 152576K, used 51636K [0x0000000080000000, 0x0000000100000000)
  region size 1024K, 7 young (7168K), 7 survivors (7168K)
 Metaspace       used 64292K, capacity 65945K, committed 66168K, reserved 1105920K
  class space    used 8133K, capacity 8716K, committed 8824K, reserved 1048576K
}
Event: 10.979 GC heap before
{Heap before GC invocations=13 (full 0):
 garbage-first heap   total 152576K, used 110004K [0x0000000080000000, 0x0000000100000000)
  region size 1024K, 63 young (64512K), 7 survivors (7168K)
 Metaspace       used 66878K, capacity 68556K, committed 68856K, reserved 1110016K
  class space    used 8494K, capacity 9130K, committed 9208K, reserved 1048576K
}
Event: 10.987 GC heap after
{Heap after GC invocations=14 (full 0):
 garbage-first heap   total 152576K, used 55677K [0x0000000080000000, 0x0000000100000000)
  region size 1024K, 5 young (5120K), 5 survivors (5120K)
 Metaspace       used 66878K, capacity 68556K, committed 68856K, reserved 1110016K
  class space    used 8494K, capacity 9130K, committed 9208K, reserved 1048576K
}
Event: 12.577 GC heap before
{Heap before GC invocations=14 (full 0):
 garbage-first heap   total 152576K, used 111997K [0x0000000080000000, 0x0000000100000000)
  region size 1024K, 60 young (61440K), 5 survivors (5120K)
 Metaspace       used 73248K, capacity 75072K, committed 75256K, reserved 1114112K
  class space    used 9512K, capacity 10178K, committed 10232K, reserved 1048576K
}
Event: 12.588 GC heap after
{Heap after GC invocations=15 (full 0):
 garbage-first heap   total 152576K, used 58821K [0x0000000080000000, 0x0000000100000000)
  region size 1024K, 8 young (8192K), 8 survivors (8192K)
 Metaspace       used 73248K, capacity 75072K, committed 75256K, reserved 1114112K
  class space    used 9512K, capacity 10178K, committed 10232K, reserved 1048576K
}

