# JRE version: OpenJDK Runtime Environment (11.0.12+7) (build 11.0.12+7-b1504.28-7817840)
# Java VM: OpenJDK 64-Bit Server VM (11.0.12+7-b1504.28-7817840, mixed mode, tiered, compressed oops, g1 gc, windows-amd64)
Heap:
 garbage-first heap   total 292864K, used 242294K [0x0000000080000000, 0x0000000100000000)
  region size 1024K, 29 young (29696K), 7 survivors (7168K)
 Metaspace       used 94740K, capacity 97059K, committed 97604K, reserved 1134592K
  class space    used 11898K, capacity 12732K, committed 12952K, reserved 1048576K
GC Heap History (20 events):
Event: 3.832 GC heap before
{Heap before GC invocations=8 (full 0):
 garbage-first heap   total 152576K, used 66773K [0x0000000080000000, 0x0000000100000000)
  region size 1024K, 48 young (49152K), 9 survivors (9216K)
 Metaspace       used 44861K, capacity 45991K, committed 46080K, reserved 1089536K
  class space    used 5754K, capacity 6183K, committed 6272K, reserved 1048576K
}
Event: 3.846 GC heap after
{Heap after GC invocations=9 (full 0):
 garbage-first heap   total 152576K, used 29922K [0x0000000080000000, 0x0000000100000000)
  region size 1024K, 7 young (7168K), 7 survivors (7168K)
 Metaspace       used 44861K, capacity 45991K, committed 46080K, reserved 1089536K
  class space    used 5754K, capacity 6183K, committed 6272K, reserved 1048576K
}
Event: 4.491 GC heap before
{Heap before GC invocations=10 (full 0):
 garbage-first heap   total 152576K, used 109794K [0x0000000080000000, 0x0000000100000000)
  region size 1024K, 84 young (86016K), 7 survivors (7168K)
 Metaspace       used 48118K, capacity 49404K, committed 49408K, reserved 1091584K
  class space    used 6172K, capacity 6656K, committed 6656K, reserved 1048576K
}
Event: 4.499 GC heap after
{Heap after GC invocations=11 (full 0):
 garbage-first heap   total 152576K, used 39515K [0x0000000080000000, 0x0000000100000000)
  region size 1024K, 10 young (10240K), 10 survivors (10240K)
 Metaspace       used 48118K, capacity 49404K, committed 49408K, reserved 1091584K
  class space    used 6172K, capacity 6656K, committed 6656K, reserved 1048576K
}
Event: 5.388 GC heap before
{Heap before GC invocations=11 (full 0):
 garbage-first heap   total 152576K, used 114267K [0x0000000080000000, 0x0000000100000000)
  region size 1024K, 81 young (82944K), 10 survivors (10240K)
 Metaspace       used 57411K, capacity 58937K, committed 59136K, reserved 1099776K
  class space    used 7293K, capacity 7841K, committed 7936K, reserved 1048576K
}
Event: 5.399 GC heap after
{Heap after GC invocations=12 (full 0):
 garbage-first heap   total 183296K, used 46824K [0x0000000080000000, 0x0000000100000000)
  region size 1024K, 5 young (5120K), 5 survivors (5120K)
 Metaspace       used 57411K, capacity 58937K, committed 59136K, reserved 1099776K
  class space    used 7293K, capacity 7841K, committed 7936K, reserved 1048576K
}
Event: 6.634 GC heap before
{Heap before GC invocations=12 (full 0):
 garbage-first heap   total 183296K, used 128744K [0x0000000080000000, 0x0000000100000000)
  region size 1024K, 85 young (87040K), 5 survivors (5120K)
 Metaspace       used 65925K, capacity 67628K, committed 67968K, reserved 1107968K
  class space    used 8361K, capacity 8973K, committed 9088K, reserved 1048576K
}
Event: 6.643 GC heap after
{Heap after GC invocations=13 (full 0):
 garbage-first heap   total 183296K, used 52852K [0x0000000080000000, 0x0000000100000000)
  region size 1024K, 11 young (11264K), 11 survivors (11264K)
 Metaspace       used 65925K, capacity 67628K, committed 67968K, reserved 1107968K
  class space    used 8361K, capacity 8973K, committed 9088K, reserved 1048576K
}
Event: 7.608 GC heap before
{Heap before GC invocations=13 (full 0):
 garbage-first heap   total 183296K, used 134772K [0x0000000080000000, 0x0000000100000000)
  region size 1024K, 91 young (93184K), 11 survivors (11264K)
 Metaspace       used 72110K, capacity 73944K, committed 74112K, reserved 1114112K
  class space    used 9350K, capacity 10000K, committed 10112K, reserved 1048576K
}
Event: 7.620 GC heap after
{Heap after GC invocations=14 (full 0):
 garbage-first heap   total 183296K, used 57983K [0x0000000080000000, 0x0000000100000000)
  region size 1024K, 6 young (6144K), 6 survivors (6144K)
 Metaspace       used 72110K, capacity 73944K, committed 74112K, reserved 1114112K
  class space    used 9350K, capacity 10000K, committed 10112K, reserved 1048576K
}
Event: 8.196 GC heap before
{Heap before GC invocations=14 (full 0):
 garbage-first heap   total 183296K, used 98943K [0x0000000080000000, 0x0000000100000000)
  region size 1024K, 47 young (48128K), 6 survivors (6144K)
 Metaspace       used 75279K, capacity 77126K, committed 77228K, reserved 1116160K
  class space    used 9792K, capacity 10467K, committed 10496K, reserved 1048576K
}
Event: 8.208 GC heap after
{Heap after GC invocations=15 (full 0):
 garbage-first heap   total 183296K, used 60993K [0x0000000080000000, 0x0000000100000000)
  region size 1024K, 9 young (9216K), 9 survivors (9216K)
 Metaspace       used 75279K, capacity 77126K, committed 77228K, reserved 1116160K
  class space    used 9792K, capacity 10467K, committed 10496K, reserved 1048576K
}
Event: 9.043 GC heap before
{Heap before GC invocations=16 (full 0):
 garbage-first heap   total 183296K, used 131649K [0x0000000080000000, 0x0000000100000000)
  region size 1024K, 79 young (80896K), 9 survivors (9216K)
 Metaspace       used 83163K, capacity 85301K, committed 85572K, reserved 1124352K
  class space    used 10850K, capacity 11644K, committed 11672K, reserved 1048576K
}
Event: 9.063 GC heap after
{Heap after GC invocations=17 (full 0):
 garbage-first heap   total 220160K, used 67340K [0x0000000080000000, 0x0000000100000000)
  region size 1024K, 10 young (10240K), 10 survivors (10240K)
 Metaspace       used 83163K, capacity 85301K, committed 85572K, reserved 1124352K
  class space    used 10850K, capacity 11644K, committed 11672K, reserved 1048576K
}
Event: 9.990 GC heap before
{Heap before GC invocations=18 (full 0):
 garbage-first heap   total 220160K, used 152332K [0x0000000080000000, 0x0000000100000000)
  region size 1024K, 94 young (96256K), 10 survivors (10240K)
 Metaspace       used 85519K, capacity 87887K, committed 88004K, reserved 1126400K
  class space    used 11151K, capacity 12012K, committed 12056K, reserved 1048576K
}
Event: 10.005 GC heap after
{Heap after GC invocations=19 (full 0):
 garbage-first heap   total 220160K, used 77631K [0x0000000080000000, 0x0000000100000000)
  region size 1024K, 11 young (11264K), 11 survivors (11264K)
 Metaspace       used 85519K, capacity 87887K, committed 88004K, reserved 1126400K
  class space    used 11151K, capacity 12012K, committed 12056K, reserved 1048576K
}
Event: 11.288 GC heap before
{Heap before GC invocations=19 (full 0):
 garbage-first heap   total 220160K, used 170815K [0x0000000080000000, 0x0000000100000000)
  region size 1024K, 91 young (93184K), 11 survivors (11264K)
 Metaspace       used 90655K, capacity 93109K, committed 93252K, reserved 1130496K
  class space    used 11634K, capacity 12559K, committed 12696K, reserved 1048576K
}
Event: 11.303 GC heap after
{Heap after GC invocations=20 (full 0):
 garbage-first heap   total 220160K, used 89184K [0x0000000080000000, 0x0000000100000000)
  region size 1024K, 11 young (11264K), 11 survivors (11264K)
 Metaspace       used 90655K, capacity 93109K, committed 93252K, reserved 1130496K
  class space    used 11634K, capacity 12559K, committed 12696K, reserved 1048576K
}
Event: 11.774 GC heap before
{Heap before GC invocations=20 (full 0):
 garbage-first heap   total 220160K, used 148576K [0x0000000080000000, 0x0000000100000000)
  region size 1024K, 60 young (61440K), 11 survivors (11264K)
 Metaspace       used 94136K, capacity 96633K, committed 96708K, reserved 1132544K
  class space    used 11905K, capacity 12786K, committed 12824K, reserved 1048576K
}
Event: 11.791 GC heap after
{Heap after GC invocations=21 (full 0):
 garbage-first heap   total 220160K, used 105078K [0x0000000080000000, 0x0000000100000000)
  region size 1024K, 7 young (7168K), 7 survivors (7168K)
 Metaspace       used 94136K, capacity 96633K, committed 96708K, reserved 1132544K
  class space    used 11905K, capacity 12786K, committed 12824K, reserved 1048576K
}

