# JRE version: OpenJDK Runtime Environment (11.0.12+7) (build 11.0.12+7-b1504.28-7817840)
# Java VM: OpenJDK 64-Bit Server VM (11.0.12+7-b1504.28-7817840, mixed mode, tiered, compressed oops, g1 gc, windows-amd64)
Heap:
 garbage-first heap   total 360448K, used 319012K [0x0000000080000000, 0x0000000100000000)
  region size 1024K, 25 young (25600K), 4 survivors (4096K)
 Metaspace       used 113781K, capacity 116902K, committed 117248K, reserved 1150976K
  class space    used 13923K, capacity 15050K, committed 15104K, reserved 1048576K
GC Heap History (20 events):
Event: 10.699 GC heap before
{Heap before GC invocations=26 (full 0):
 garbage-first heap   total 183296K, used 150941K [0x0000000080000000, 0x0000000100000000)
  region size 1024K, 46 young (47104K), 5 survivors (5120K)
 Metaspace       used 95066K, capacity 97645K, committed 97920K, reserved 1134592K
  class space    used 12184K, capacity 13072K, committed 13184K, reserved 1048576K
}
Event: 10.707 GC heap after
{Heap after GC invocations=27 (full 0):
 garbage-first heap   total 220160K, used 113360K [0x0000000080000000, 0x0000000100000000)
  region size 1024K, 6 young (6144K), 6 survivors (6144K)
 Metaspace       used 95066K, capacity 97645K, committed 97920K, reserved 1134592K
  class space    used 12184K, capacity 13072K, committed 13184K, reserved 1048576K
}
Event: 11.444 GC heap before
{Heap before GC invocations=27 (full 0):
 garbage-first heap   total 220160K, used 168656K [0x0000000080000000, 0x0000000100000000)
  region size 1024K, 61 young (62464K), 6 survivors (6144K)
 Metaspace       used 100125K, capacity 102904K, committed 103040K, reserved 1138688K
  class space    used 12635K, capacity 13630K, committed 13696K, reserved 1048576K
}
Event: 11.451 GC heap after
{Heap after GC invocations=28 (full 0):
 garbage-first heap   total 220160K, used 116114K [0x0000000080000000, 0x0000000100000000)
  region size 1024K, 7 young (7168K), 7 survivors (7168K)
 Metaspace       used 100125K, capacity 102904K, committed 103040K, reserved 1138688K
  class space    used 12635K, capacity 13630K, committed 13696K, reserved 1048576K
}
Event: 119.781 GC heap before
{Heap before GC invocations=29 (full 0):
 garbage-first heap   total 220160K, used 171410K [0x0000000080000000, 0x0000000100000000)
  region size 1024K, 62 young (63488K), 7 survivors (7168K)
 Metaspace       used 102102K, capacity 104998K, committed 105344K, reserved 1140736K
  class space    used 12825K, capacity 13856K, committed 13952K, reserved 1048576K
}
Event: 119.796 GC heap after
{Heap after GC invocations=30 (full 0):
 garbage-first heap   total 220160K, used 121354K [0x0000000080000000, 0x0000000100000000)
  region size 1024K, 8 young (8192K), 8 survivors (8192K)
 Metaspace       used 102102K, capacity 104998K, committed 105344K, reserved 1140736K
  class space    used 12825K, capacity 13856K, committed 13952K, reserved 1048576K
}
Event: 120.963 GC heap before
{Heap before GC invocations=30 (full 0):
 garbage-first heap   total 220160K, used 175626K [0x0000000080000000, 0x0000000100000000)
  region size 1024K, 62 young (63488K), 8 survivors (8192K)
 Metaspace       used 104627K, capacity 107677K, committed 107776K, reserved 1142784K
  class space    used 13170K, capacity 14265K, committed 14336K, reserved 1048576K
}
Event: 120.984 GC heap after
{Heap after GC invocations=31 (full 0):
 garbage-first heap   total 220160K, used 128587K [0x0000000080000000, 0x0000000100000000)
  region size 1024K, 7 young (7168K), 7 survivors (7168K)
 Metaspace       used 104627K, capacity 107677K, committed 107776K, reserved 1142784K
  class space    used 13170K, capacity 14265K, committed 14336K, reserved 1048576K
}
Event: 121.577 GC heap before
{Heap before GC invocations=32 (full 0):
 garbage-first heap   total 220160K, used 171595K [0x0000000080000000, 0x0000000100000000)
  region size 1024K, 51 young (52224K), 7 survivors (7168K)
 Metaspace       used 107787K, capacity 110912K, committed 111232K, reserved 1146880K
  class space    used 13474K, capacity 14612K, committed 14720K, reserved 1048576K
}
Event: 121.610 GC heap after
{Heap after GC invocations=33 (full 0):
 garbage-first heap   total 220160K, used 136826K [0x0000000080000000, 0x0000000100000000)
  region size 1024K, 7 young (7168K), 7 survivors (7168K)
 Metaspace       used 107787K, capacity 110912K, committed 111232K, reserved 1146880K
  class space    used 13474K, capacity 14612K, committed 14720K, reserved 1048576K
}
Event: 121.810 GC heap before
{Heap before GC invocations=34 (full 0):
 garbage-first heap   total 220160K, used 146042K [0x0000000080000000, 0x0000000100000000)
  region size 1024K, 15 young (15360K), 7 survivors (7168K)
 Metaspace       used 108884K, capacity 112050K, committed 112256K, reserved 1146880K
  class space    used 13581K, capacity 14712K, committed 14720K, reserved 1048576K
}
Event: 121.821 GC heap after
{Heap after GC invocations=35 (full 0):
 garbage-first heap   total 220160K, used 140453K [0x0000000080000000, 0x0000000100000000)
  region size 1024K, 4 young (4096K), 4 survivors (4096K)
 Metaspace       used 108884K, capacity 112050K, committed 112256K, reserved 1146880K
  class space    used 13581K, capacity 14712K, committed 14720K, reserved 1048576K
}
Event: 122.507 GC heap before
{Heap before GC invocations=36 (full 0):
 garbage-first heap   total 220160K, used 167077K [0x0000000080000000, 0x0000000100000000)
  region size 1024K, 30 young (30720K), 4 survivors (4096K)
 Metaspace       used 109194K, capacity 112326K, committed 112512K, reserved 1146880K
  class space    used 13584K, capacity 14716K, committed 14720K, reserved 1048576K
}
Event: 122.513 GC heap after
{Heap after GC invocations=37 (full 0):
 garbage-first heap   total 220160K, used 142748K [0x0000000080000000, 0x0000000100000000)
  region size 1024K, 2 young (2048K), 2 survivors (2048K)
 Metaspace       used 109194K, capacity 112326K, committed 112512K, reserved 1146880K
  class space    used 13584K, capacity 14716K, committed 14720K, reserved 1048576K
}
Event: 122.661 GC heap before
{Heap before GC invocations=37 (full 0):
 garbage-first heap   total 220160K, used 150940K [0x0000000080000000, 0x0000000100000000)
  region size 1024K, 12 young (12288K), 2 survivors (2048K)
 Metaspace       used 109231K, capacity 112332K, committed 112512K, reserved 1146880K
  class space    used 13587K, capacity 14718K, committed 14720K, reserved 1048576K
}
Event: 122.666 GC heap after
{Heap after GC invocations=38 (full 0):
 garbage-first heap   total 220160K, used 144345K [0x0000000080000000, 0x0000000100000000)
  region size 1024K, 4 young (4096K), 4 survivors (4096K)
 Metaspace       used 109231K, capacity 112332K, committed 112512K, reserved 1146880K
  class space    used 13587K, capacity 14718K, committed 14720K, reserved 1048576K
}
Event: 123.022 GC heap before
{Heap before GC invocations=39 (full 0):
 garbage-first heap   total 220160K, used 180185K [0x0000000080000000, 0x0000000100000000)
  region size 1024K, 32 young (32768K), 4 survivors (4096K)
 Metaspace       used 111181K, capacity 114278K, committed 114560K, reserved 1148928K
  class space    used 13727K, capacity 14858K, committed 14976K, reserved 1048576K
}
Event: 123.030 GC heap after
{Heap after GC invocations=40 (full 0):
 garbage-first heap   total 220160K, used 148366K [0x0000000080000000, 0x0000000100000000)
  region size 1024K, 4 young (4096K), 4 survivors (4096K)
 Metaspace       used 111181K, capacity 114278K, committed 114560K, reserved 1148928K
  class space    used 13727K, capacity 14858K, committed 14976K, reserved 1048576K
}
Event: 123.316 GC heap before
{Heap before GC invocations=40 (full 0):
 garbage-first heap   total 220160K, used 174990K [0x0000000080000000, 0x0000000100000000)
  region size 1024K, 31 young (31744K), 4 survivors (4096K)
 Metaspace       used 113007K, capacity 116134K, committed 116480K, reserved 1150976K
  class space    used 13870K, capacity 14986K, committed 15104K, reserved 1048576K
}
Event: 123.324 GC heap after
{Heap after GC invocations=41 (full 0):
 garbage-first heap   total 220160K, used 153124K [0x0000000080000000, 0x0000000100000000)
  region size 1024K, 4 young (4096K), 4 survivors (4096K)
 Metaspace       used 113007K, capacity 116134K, committed 116480K, reserved 1150976K
  class space    used 13870K, capacity 14986K, committed 15104K, reserved 1048576K
}

